<?xml version="1.0" encoding="UTF-8"?>
<!-- Generated by org.testng.reporters.JUnitReportReporter -->
<testsuite hostname="Indu" failures="0" tests="1" name="com.test.automation.tests.script.SalesForceHomeAutomation" time="18.263" errors="0" timestamp="2024-05-16T00:34:59 CDT" skipped="0">
  <testcase classname="com.test.automation.tests.script.SalesForceHomeAutomation" name="selectDevelopersConsole" time="18.263"/>
</testsuite> <!-- com.test.automation.tests.script.SalesForceHomeAutomation -->
