<?xml version="1.0" encoding="UTF-8"?>
<!-- Generated by org.testng.reporters.JUnitReportReporter -->
<testsuite hostname="Indu" failures="0" tests="1" name="com.test.automation.tests.script.SalesForceCreateAccount" time="25.430" errors="0" timestamp="2024-05-15T17:33:17 CDT" skipped="0">
  <testcase classname="com.test.automation.tests.script.SalesForceCreateAccount" name="createAccount" time="25.430"/>
</testsuite> <!-- com.test.automation.tests.script.SalesForceCreateAccount -->
