<?xml version="1.0" encoding="UTF-8"?>
<!-- Generated by org.testng.reporters.JUnitReportReporter -->
<testsuite hostname="Indu" failures="0" tests="1" name="com.test.automation.tests.script.SalesForceLoginAutomationScript" time="10.006" errors="0" timestamp="2023-11-10T13:31:20 CST" skipped="0">
  <testcase classname="com.test.automation.tests.script.SalesForceLoginAutomationScript" name="Forgot_Password4B" time="10.006"/>
</testsuite> <!-- com.test.automation.tests.script.SalesForceLoginAutomationScript -->
