<?xml version="1.0" encoding="UTF-8"?>
<!-- Generated by org.testng.reporters.JUnitReportReporter -->
<testsuite hostname="Indu" failures="0" tests="1" name="com.test.automation.tests.script.SalesforceCreateOppAutomation" time="22.303" errors="0" timestamp="2024-05-15T10:54:28 CDT" skipped="0">
  <testcase classname="com.test.automation.tests.script.SalesforceCreateOppAutomation" name="TestQuarterlySummaryReport" time="22.303"/>
</testsuite> <!-- com.test.automation.tests.script.SalesforceCreateOppAutomation -->
