<?xml version="1.0" encoding="UTF-8"?>
<!-- Generated by org.testng.reporters.JUnitReportReporter -->
<testsuite hostname="Indu" failures="0" tests="2" name="com.test.automation.tests.script.SalesforceContactsAutomation" time="38.577" errors="0" timestamp="2024-05-15T20:25:26 CDT" skipped="0">
  <testcase classname="com.test.automation.tests.script.SalesforceContactsAutomation" name="checkErrorViewTC30" time="19.613"/>
  <testcase classname="com.test.automation.tests.script.SalesforceContactsAutomation" name="checkCancelViewTC30" time="18.964"/>
</testsuite> <!-- com.test.automation.tests.script.SalesforceContactsAutomation -->
